<?xml version="1.0" encoding="UTF-8"?>
<testsuite xmlns:xsi="http://www.w3.org/2001/XMLSchema-instance" xsi:noNamespaceSchemaLocation="https://maven.apache.org/surefire/maven-surefire-plugin/xsd/surefire-test-report-3.0.xsd" version="3.0" name="com.UnifiedCompiler.AppTest" time="0.089" tests="1" errors="0" skipped="0" failures="0">
  <properties>
    <property name="java.specification.version" value="19"/>
    <property name="sun.cpu.isalist" value="amd64"/>
    <property name="sun.jnu.encoding" value="Cp1252"/>
    <property name="java.class.path" value="C:\Users\JAGADEESH\Desktop\praveen\UnifiedCompiler\target\test-classes;C:\Users\JAGADEESH\Desktop\praveen\UnifiedCompiler\target\classes;C:\Users\JAGADEESH\.m2\repository\org\apache\httpcomponents\httpclient\4.5.14\httpclient-4.5.14.jar;C:\Users\JAGADEESH\.m2\repository\org\apache\httpcomponents\httpcore\4.4.16\httpcore-4.4.16.jar;C:\Users\JAGADEESH\.m2\repository\commons-logging\commons-logging\1.2\commons-logging-1.2.jar;C:\Users\JAGADEESH\.m2\repository\commons-codec\commons-codec\1.11\commons-codec-1.11.jar;C:\Users\JAGADEESH\.m2\repository\org\json\json\20230227\json-20230227.jar;C:\Users\JAGADEESH\.m2\repository\org\junit\jupiter\junit-jupiter\5.10.0\junit-jupiter-5.10.0.jar;C:\Users\JAGADEESH\.m2\repository\org\junit\jupiter\junit-jupiter-api\5.10.0\junit-jupiter-api-5.10.0.jar;C:\Users\JAGADEESH\.m2\repository\org\opentest4j\opentest4j\1.3.0\opentest4j-1.3.0.jar;C:\Users\JAGADEESH\.m2\repository\org\junit\platform\junit-platform-commons\1.10.0\junit-platform-commons-1.10.0.jar;C:\Users\JAGADEESH\.m2\repository\org\apiguardian\apiguardian-api\1.1.2\apiguardian-api-1.1.2.jar;C:\Users\JAGADEESH\.m2\repository\org\junit\jupiter\junit-jupiter-params\5.10.0\junit-jupiter-params-5.10.0.jar;C:\Users\JAGADEESH\.m2\repository\org\junit\jupiter\junit-jupiter-engine\5.10.0\junit-jupiter-engine-5.10.0.jar;C:\Users\JAGADEESH\.m2\repository\org\junit\platform\junit-platform-engine\1.10.0\junit-platform-engine-1.10.0.jar;"/>
    <property name="java.vm.vendor" value="Oracle Corporation"/>
    <property name="sun.arch.data.model" value="64"/>
    <property name="user.variant" value=""/>
    <property name="java.vendor.url" value="https://java.oracle.com/"/>
    <property name="user.timezone" value="Asia/Calcutta"/>
    <property name="os.name" value="Windows 11"/>
    <property name="java.vm.specification.version" value="19"/>
    <property name="sun.java.launcher" value="SUN_STANDARD"/>
    <property name="user.country" value="IN"/>
    <property name="sun.boot.library.path" value="C:\Program Files\Java\jdk-19\bin"/>
    <property name="sun.java.command" value="C:\Users\JAGADEESH\AppData\Local\Temp\surefire8311698352424842528\surefirebooter-20250402104031996_3.jar C:\Users\JAGADEESH\AppData\Local\Temp\surefire8311698352424842528 2025-04-02T10-40-31_183-jvmRun1 surefire-20250402104031996_1tmp surefire_0-20250402104031996_2tmp"/>
    <property name="jdk.debug" value="release"/>
    <property name="surefire.test.class.path" value="C:\Users\JAGADEESH\Desktop\praveen\UnifiedCompiler\target\test-classes;C:\Users\JAGADEESH\Desktop\praveen\UnifiedCompiler\target\classes;C:\Users\JAGADEESH\.m2\repository\org\apache\httpcomponents\httpclient\4.5.14\httpclient-4.5.14.jar;C:\Users\JAGADEESH\.m2\repository\org\apache\httpcomponents\httpcore\4.4.16\httpcore-4.4.16.jar;C:\Users\JAGADEESH\.m2\repository\commons-logging\commons-logging\1.2\commons-logging-1.2.jar;C:\Users\JAGADEESH\.m2\repository\commons-codec\commons-codec\1.11\commons-codec-1.11.jar;C:\Users\JAGADEESH\.m2\repository\org\json\json\20230227\json-20230227.jar;C:\Users\JAGADEESH\.m2\repository\org\junit\jupiter\junit-jupiter\5.10.0\junit-jupiter-5.10.0.jar;C:\Users\JAGADEESH\.m2\repository\org\junit\jupiter\junit-jupiter-api\5.10.0\junit-jupiter-api-5.10.0.jar;C:\Users\JAGADEESH\.m2\repository\org\opentest4j\opentest4j\1.3.0\opentest4j-1.3.0.jar;C:\Users\JAGADEESH\.m2\repository\org\junit\platform\junit-platform-commons\1.10.0\junit-platform-commons-1.10.0.jar;C:\Users\JAGADEESH\.m2\repository\org\apiguardian\apiguardian-api\1.1.2\apiguardian-api-1.1.2.jar;C:\Users\JAGADEESH\.m2\repository\org\junit\jupiter\junit-jupiter-params\5.10.0\junit-jupiter-params-5.10.0.jar;C:\Users\JAGADEESH\.m2\repository\org\junit\jupiter\junit-jupiter-engine\5.10.0\junit-jupiter-engine-5.10.0.jar;C:\Users\JAGADEESH\.m2\repository\org\junit\platform\junit-platform-engine\1.10.0\junit-platform-engine-1.10.0.jar;"/>
    <property name="sun.cpu.endian" value="little"/>
    <property name="user.home" value="C:\Users\JAGADEESH"/>
    <property name="user.language" value="en"/>
    <property name="java.specification.vendor" value="Oracle Corporation"/>
    <property name="java.version.date" value="2022-10-18"/>
    <property name="java.home" value="C:\Program Files\Java\jdk-19"/>
    <property name="file.separator" value="\"/>
    <property name="basedir" value="C:\Users\JAGADEESH\Desktop\praveen\UnifiedCompiler"/>
    <property name="java.vm.compressedOopsMode" value="32-bit"/>
    <property name="line.separator" value="&#10;"/>
    <property name="java.vm.specification.vendor" value="Oracle Corporation"/>
    <property name="java.specification.name" value="Java Platform API Specification"/>
    <property name="surefire.real.class.path" value="C:\Users\JAGADEESH\AppData\Local\Temp\surefire8311698352424842528\surefirebooter-20250402104031996_3.jar"/>
    <property name="user.script" value=""/>
    <property name="sun.management.compiler" value="HotSpot 64-Bit Tiered Compilers"/>
    <property name="java.runtime.version" value="19.0.1+10-21"/>
    <property name="user.name" value="JAGADEESH"/>
    <property name="stdout.encoding" value="Cp1252"/>
    <property name="path.separator" value=";"/>
    <property name="os.version" value="10.0"/>
    <property name="java.runtime.name" value="Java(TM) SE Runtime Environment"/>
    <property name="file.encoding" value="UTF-8"/>
    <property name="java.vm.name" value="Java HotSpot(TM) 64-Bit Server VM"/>
    <property name="localRepository" value="C:\Users\JAGADEESH\.m2\repository"/>
    <property name="java.vendor.url.bug" value="https://bugreport.java.com/bugreport/"/>
    <property name="java.io.tmpdir" value="C:\Users\JAGADEESH\AppData\Local\Temp\"/>
    <property name="java.version" value="19.0.1"/>
    <property name="user.dir" value="C:\Users\JAGADEESH\Desktop\praveen\UnifiedCompiler"/>
    <property name="os.arch" value="amd64"/>
    <property name="java.vm.specification.name" value="Java Virtual Machine Specification"/>
    <property name="sun.os.patch.level" value=""/>
    <property name="native.encoding" value="Cp1252"/>
    <property name="java.library.path" value="C:\Program Files\Java\jdk-19\bin;C:\WINDOWS\Sun\Java\bin;C:\WINDOWS\system32;C:\WINDOWS;C:\Python312\Scripts\;C:\Python312\;C:\Program Files\Microsoft SDKs\Azure\CLI2\wbin;C:\Program Files\Common Files\Oracle\Java\javapath;C:\WINDOWS\system32;C:\WINDOWS;C:\WINDOWS\System32\Wbem;C:\WINDOWS\System32\WindowsPowerShell\v1.0\;C:\WINDOWS\System32\OpenSSH\;C:\Program Files\dotnet\;C:\Users\JAGADEESH\AppData\Local\Microsoft\WindowsApps;C:\Users\JAGADEESH\AppData\Local\Programs\Microsoft VS Code\bin;D:\world war 3\platform-tools_r33.0.3-windows\platform-tools;C:\Program Files\Microsoft\Web Platform Installer\;C:\Program Files\PuTTY\;C:\MinGW\bin;C:\Users\JAGADEESH\AppData\Local\Microsoft\WindowsApps\PythonSoftwareFoundation.Python.3.10_qbz5n2kfra8p0;C:\ProgramData\chocolatey\bin;C:\flutter\bin;C:\Users\JAGADEESH\AppData\Local\Android\Sdk;C:\Users\JAGADEESH\AppData\Local\Programs\Python\Python312;C:\Users\JAGADEESH\AppData\Local\Programs\Python\Python312\Scripts;C:\Python312\Lib\site-packages;C:\Users\JAGADEESH\AppData\Local\Programs\Python\Python312\Lib\site-packages;C:\Users\JAGADEESH\AppData\Local\Programs\Python\Python312\DLLs;C:\Users\JAGADEESH\AppData\Local\Packages\PythonSoftwareFoundation.Python.3.12_qbz5n2kfra8p0\LocalCache\local-packages\Python312\Scripts;C:\Program Files\Git\cmd;C:\Gradle\gradle-8.5\bin;C:\Users\JAGADEESH\AppData\Local\Android\Sdk\platform-tools;C:\Program Files\CMake\bin;C:\Program Files\OpenSSL-Win64\bin;C:\platform-tools-latest-windows\platform-tools;C:\Program Files\nodejs\;C:\Users\JAGADEESH\AppData\Roaming\Python\Python312\Scripts;C:\Python312\Scripts;;C:\WINDOWS\system32;C:\WINDOWS;C:\WINDOWS\System32\Wbem;C:\WINDOWS\System32\WindowsPowerShell\v1.0\;C:\WINDOWS\System32\OpenSSH\;c:\Users\JAGADEESH\AppData\Local\Programs\cursor\resources\app\bin;C:\Program Files (x86)\Microsoft SQL Server\160\Tools\Binn\;C:\Program Files\Microsoft SQL Server\160\Tools\Binn\;C:\Program Files\Microsoft SQL Server\Client SDK\ODBC\170\Tools\Binn\;C:\Program Files\Microsoft SQL Server\160\DTS\Binn\;C:\ProgramData\chocolatey\lib\maven\apache-maven-3.9.9\bin;C:\Users\JAGADEESH\AppData\Local\Microsoft\WindowsApps;C:\Windows\System32\WindowsPowerShell\v1.0;C:\Users\JAGADEESH\.dotnet\tools;C:\Users\JAGADEESH\AppData\Local\Programs\Microsoft VS Code\bin;C:\Users\JAGADEESH\AppData\Local\Programs\Python\Python312\Lib\site-packages;C:\Python312\Lib\site-packages;C:\Users\JAGADEESH\AppData\Local\JetBrains\Toolbox\scripts;C:\Users\JAGADEESH\AppData\Roaming\npm;C:\Users\JAGADEESH\AppData\Local\Microsoft\WindowsApps;;c:\Users\JAGADEESH\AppData\Roaming\Code\User\globalStorage\github.copilot-chat\debugCommand;."/>
    <property name="java.vm.info" value="mixed mode, sharing"/>
    <property name="stderr.encoding" value="Cp1252"/>
    <property name="java.vendor" value="Oracle Corporation"/>
    <property name="java.vm.version" value="19.0.1+10-21"/>
    <property name="sun.io.unicode.encoding" value="UnicodeLittle"/>
    <property name="java.class.version" value="63.0"/>
  </properties>
  <testcase name="testApp" classname="com.UnifiedCompiler.AppTest" time="0.048"/>
</testsuite>